Arguments: 
  C:\Program Files\nodejs\node.exe C:\Users\legol\AppData\Roaming\npm\node_modules\yarn\bin\yarn.js add svelte-sonner

PATH: 
  C:\Program Files\PlasticSCM5\server;C:\Program Files\PlasticSCM5\client;C:\Program Files\Eclipse Adoptium\jdk-17.0.6.10-hotspot\bin;C:\WINDOWS\system32;C:\WINDOWS;C:\WINDOWS\System32\Wbem;C:\WINDOWS\System32\WindowsPowerShell\v1.0\;C:\WINDOWS\System32\OpenSSH\;C:\Program Files (x86)\NVIDIA Corporation\PhysX\Common;C:\WINDOWS\system32;C:\WINDOWS;C:\WINDOWS\System32\Wbem;C:\WINDOWS\System32\WindowsPowerShell\v1.0\;C:\WINDOWS\System32\OpenSSH\;C:\Program Files\dotnet\;C:\Program Files\Process Lasso\;C:\Program Files\Git\cmd;C:\Program Files (x86)\IVI Foundation\VISA\WinNT\Bin;C:\ProgramData\chocolatey\bin;C:\Users\legol\AppData\Local\Programs\Python\Python312\Scripts;C:\Users\legol\AppData\Roaming\Programs\Python\Python311;C:\Users\legol\AppData\Roaming\Programs\Python\Python311\Scripts;C:\Program Files\NVIDIA Corporation\NVIDIA app\NvDLISR;c:\Users\legol\AppData\Local\Programs\cursor\resources\app\bin;C:\Program Files\nodejs\;C:\Users\legol\AppData\Local\Programs\Python\Launcher\;C:\Users\legol\AppData\Local\Microsoft\WindowsApps;C:\Users\legol\AppData\Local\Programs\Microsoft VS Code\bin;C:\Users\legol\AppData\Local\spicetify;C:\Users\legol\AppData\Local\GitHubDesktop\bin;C:\Users\legol\.dotnet\tools;C:\Users\legol\AppData\Local\Microsoft\WindowsApps;C:\Users\legol\AppData\Roaming\npm;C:\Users\legol\AppData\Local\Programs\cursor\resources\app\bin

Yarn version: 
  1.22.19

Node version: 
  22.14.0

Platform: 
  win32 x64

Trace: 
  Error: EPERM: operation not permitted, unlink 'C:\Users\legol\my-app\node_modules\@esbuild\win32-x64\esbuild.exe'

npm manifest: 
  {
  	"name": "inventory-management",
  	"version": "0.0.1",
  	"private": true,
  	"scripts": {
  		"dev": "vite dev",
  		"build": "vite build",
  		"preview": "vite preview",
  		"check": "svelte-kit sync && svelte-check --tsconfig ./tsconfig.json",
  		"check:watch": "svelte-kit sync && svelte-check --tsconfig ./tsconfig.json --watch"
  	},
  	"devDependencies": {
  		"@sveltejs/adapter-auto": "^5.0.0",
  		"@sveltejs/kit": "^2.20.2",
  		"@sveltejs/vite-plugin-svelte": "^4.0.4",
  		"autoprefixer": "^10.4.21",
  		"bits-ui": "^0.22.0",
  		"clsx": "^2.1.1",
  		"lucide-svelte": "^0.484.0",
  		"postcss": "^8.5.3",
  		"postcss-load-config": "^4.0.1",
  		"svelte": "^5.25.3",
  		"svelte-check": "^3.4.3",
  		"tailwind-merge": "^1.14.0",
  		"tailwind-variants": "^1.0.0",
  		"tailwindcss": "^3.4.17",
  		"tslib": "^2.4.1",
  		"typescript": "^5.0.0",
  		"vite": "^5.4.15"
  	},
  	"dependencies": {
  		"@dnd-kit/core": "^6.0.8",
  		"@iconify/svelte": "^3.1.4",
  		"class-variance-authority": "^0.7.0",
  		"svelte-sonner": "^0.3.28",
  		"uuid": "^9.0.1"
  	},
  	"type": "module"
  }

yarn manifest: 
  No manifest

Lockfile: 
  No lockfile
